build/app/outputs/mapping/release/mapping.txt
# compiler: R8
# compiler_version: 1.5.69
# min_api: 16
# pg_map_id: 396df9f
...
com.google.firestore.v1.StructuredQuery$FilterOrBuilder -> b.a.e.a.j0$m:
com.google.firestore.v1.StructuredQuery$Order -> b.a.e.a.j0$n:
    com.google.firestore.v1.StructuredQuery$FieldReference field_ -> d
    com.google.firestore.v1.StructuredQuery$Order DEFAULT_INSTANCE -> f
    com.google.protobuf.Parser PARSER -> g
    int direction_ -> e
    void access$6000(com.google.firestore.v1.StructuredQuery$Order,com.google.firestore.v1.StructuredQuery$FieldReference) -> a
    void access$6500(com.google.firestore.v1.StructuredQuery$Order,com.google.firestore.v1.StructuredQuery$Direction) -> a
    java.lang.Object dynamicMethod(com.google.protobuf.GeneratedMessageLite$MethodToInvoke,java.lang.Object,java.lang.Object) -> a
    void setDirection(com.google.firestore.v1.StructuredQuery$Direction) -> a
    void setField(com.google.firestore.v1.StructuredQuery$FieldReference) -> a
    void writeTo(com.google.protobuf.CodedOutputStream) -> a
    int getSerializedSize() -> d
    com.google.firestore.v1.StructuredQuery$Direction getDirection() -> l
    com.google.firestore.v1.StructuredQuery$FieldReference getField() -> m
    com.google.firestore.v1.StructuredQuery$Order access$5900() -> n
    com.google.firestore.v1.StructuredQuery$Order$Builder newBuilder() -> o
    com.google.protobuf.Parser parser() -> p
com.google.firestore.v1.StructuredQuery$Order$Builder -> b.a.e.a.j0$n$a:
    com.google.firestore.v1.StructuredQuery$Order$Builder setDirection(com.google.firestore.v1.StructuredQuery$Direction) -> a
    com.google.firestore.v1.StructuredQuery$Order$Builder setField(com.google.firestore.v1.StructuredQuery$FieldReference) -> a
com.google.firestore.v1.StructuredQuery$OrderOrBuilder -> b.a.e.a.j0$o:
com.google.firestore.v1.StructuredQuery$Projection -> b.a.e.a.j0$p:
    com.google.protobuf.Parser PARSER -> f
    com.google.protobuf.Internal$ProtobufList fields_ -> d
    com.google.firestore.v1.StructuredQuery$Projection DEFAULT_INSTANCE -> e
    java.lang.Object dynamicMethod(com.google.protobuf.GeneratedMessageLite$MethodToInvoke,java.lang.Object,java.lang.Object) -> a
    void writeTo(com.google.protobuf.CodedOutputStream) -> a
    int getSerializedSize() -> d
    com.google.firestore.v1.StructuredQuery$Projection access$7300() -> l
    com.google.firestore.v1.StructuredQuery$Projection getDefaultInstance() -> m
    com.google.protobuf.Parser parser() -> n
com.google.firestore.v1.StructuredQuery$Projection$Builder -> b.a.e.a.j0$p$a:
com.google.firestore.v1.StructuredQuery$ProjectionOrBuilder -> b.a.e.a.j0$q: